SF:lib/src/data/src/ac_default_calendar_repository.dart
DA:10,1
DA:13,3
DA:20,21
DA:22,63
DA:23,84
DA:25,84
DA:27,21
DA:28,21
DA:29,105
DA:33,21
DA:34,21
DA:35,84
DA:39,21
DA:41,42
DA:42,21
DA:48,21
DA:49,63
DA:51,21
DA:53,84
DA:55,21
DA:57,21
DA:60,84
DA:61,42
DA:63,84
DA:66,2
DA:68,2
DA:74,6
DA:75,4
DA:79,6
DA:80,2
DA:83,4
DA:84,2
DA:90,2
DA:92,2
DA:94,12
DA:95,2
LF:36
LH:36
end_of_record
SF:lib/src/domain/src/ac_date_range.dart
DA:4,25
DA:12,0
DA:13,0
DA:21,21
DA:24,42
DA:25,1
DA:26,42
DA:27,6
LF:8
LH:6
end_of_record
SF:lib/src/data/src/ac_calendar_repository.dart
DA:9,1
LF:1
LH:1
end_of_record
SF:lib/src/data/src/ac_cache.dart
DA:6,63
DA:19,21
DA:20,42
DA:22,1
DA:23,1
DA:24,1
DA:25,2
DA:28,21
DA:31,84
DA:32,0
DA:33,0
DA:36,42
DA:37,42
DA:42,1
DA:43,2
DA:45,1
DA:46,1
DA:47,1
DA:48,2
DA:54,1
DA:55,2
DA:56,0
DA:58,0
DA:59,0
DA:60,0
DA:63,4
DA:64,2
DA:65,2
DA:67,2
DA:68,2
DA:73,3
DA:76,1
DA:77,2
DA:78,2
DA:82,1
DA:83,2
DA:84,2
DA:88,3
DA:91,3
DA:94,0
LF:40
LH:33
end_of_record
SF:lib/src/presentation/src/widgets/src/bottom_sheet/src/ac_bottom_sheet.dart
DA:10,0
DA:20,3
DA:38,3
DA:48,6
DA:49,9
LF:5
LH:4
end_of_record
SF:lib/src/presentation/src/theme/src/ac_calendar_theme_data.dart
DA:55,28
DA:66,28
DA:68,28
DA:69,28
DA:70,28
DA:71,28
DA:72,28
DA:73,28
DA:74,28
DA:75,28
DA:80,28
DA:119,1
DA:131,1
DA:133,1
DA:134,1
DA:135,1
DA:136,1
DA:137,1
DA:138,1
DA:139,1
DA:140,1
DA:141,1
DA:144,1
DA:147,1
DA:149,3
DA:150,3
DA:151,3
DA:152,3
DA:153,3
DA:154,3
DA:155,3
DA:156,3
DA:157,3
DA:172,6
DA:179,28
DA:180,62
DA:181,23
DA:184,1
DA:186,2
DA:188,1
DA:190,1
DA:191,4
LF:42
LH:42
end_of_record
SF:lib/src/presentation/src/theme/src/ac_day_theme_data.dart
DA:33,29
DA:47,29
DA:56,29
DA:60,29
DA:86,1
DA:94,1
DA:96,1
DA:98,1
DA:99,1
DA:100,1
DA:101,1
DA:102,1
DA:104,2
DA:107,2
DA:108,2
DA:109,4
DA:110,0
DA:111,4
DA:112,2
DA:113,0
DA:115,6
DA:116,0
DA:117,6
DA:118,6
DA:119,6
DA:120,0
LF:26
LH:22
end_of_record
SF:lib/src/presentation/src/theme/src/ac_month_picker_theme_data.dart
DA:21,29
DA:25,29
DA:31,29
DA:42,1
DA:47,1
DA:48,1
DA:49,1
DA:52,2
DA:55,2
DA:57,6
DA:58,6
DA:59,0
LF:12
LH:11
end_of_record
SF:lib/src/presentation/src/theme/src/ac_pages_calendar_header_theme_data.dart
DA:26,29
DA:31,29
DA:44,29
DA:59,1
DA:65,1
DA:66,1
DA:67,1
DA:68,1
DA:71,2
DA:75,2
DA:76,6
DA:78,6
DA:79,6
DA:80,0
LF:14
LH:13
end_of_record
SF:lib/src/presentation/src/theme/src/ac_time_input_theme_data.dart
DA:30,29
DA:37,29
DA:51,29
DA:74,1
DA:82,1
DA:83,1
DA:84,1
DA:85,1
DA:86,1
DA:87,1
DA:90,2
DA:93,2
DA:94,6
DA:95,6
DA:96,6
DA:97,6
DA:98,6
DA:99,0
LF:18
LH:17
end_of_record
SF:lib/src/presentation/src/theme/src/ac_titled_month_theme_data.dart
DA:21,29
DA:25,29
DA:37,29
DA:48,1
DA:53,1
DA:54,1
DA:55,1
DA:58,2
DA:61,2
DA:62,6
DA:63,6
DA:64,0
LF:12
LH:11
end_of_record
SF:lib/src/presentation/src/theme/src/ac_titled_time_theme_data.dart
DA:21,29
DA:25,29
DA:36,29
DA:47,1
DA:52,1
DA:53,1
DA:54,1
DA:57,2
DA:60,2
DA:61,6
DA:62,0
DA:63,6
LF:12
LH:11
end_of_record
SF:lib/src/presentation/src/theme/src/ac_week_theme_data.dart
DA:21,29
DA:22,29
DA:32,29
DA:41,1
DA:43,1
DA:44,1
DA:45,1
DA:47,2
DA:50,2
DA:51,6
DA:52,6
LF:11
LH:11
end_of_record
SF:lib/src/presentation/src/theme/src/ac_wheel_picker_theme_data.dart
DA:24,29
DA:29,29
DA:31,29
DA:33,29
DA:44,29
DA:59,1
DA:65,1
DA:66,1
DA:68,1
DA:69,1
DA:72,2
DA:75,2
DA:77,6
DA:79,6
DA:80,0
DA:81,6
DA:82,0
LF:17
LH:15
end_of_record
SF:lib/src/domain/src/ac_date_format.dart
DA:11,40
DA:16,28
DA:21,16
LF:3
LH:3
end_of_record
SF:lib/src/domain/src/ac_date_select_range.dart
DA:10,2
DA:16,4
DA:21,1
DA:34,6
DA:37,4
DA:40,1
DA:41,3
DA:43,0
DA:44,0
LF:9
LH:7
end_of_record
SF:lib/src/domain/src/ac_time_select_range.dart
DA:12,3
DA:18,6
DA:23,1
DA:36,6
DA:39,4
DA:42,1
DA:46,1
DA:47,1
DA:48,1
DA:51,0
DA:52,0
LF:11
LH:9
end_of_record
SF:lib/src/localization/src/ac_default_localization_manager.dart
DA:12,1
DA:26,3
DA:28,0
DA:29,6
DA:30,12
DA:31,0
LF:6
LH:4
end_of_record
SF:lib/src/localization/src/ac_localization.dart
DA:7,1
LF:1
LH:1
end_of_record
SF:lib/src/localization/src/ac_localization_en.dart
DA:6,1
DA:8,1
DA:11,1
DA:14,1
DA:17,2
LF:5
LH:5
end_of_record
SF:lib/src/localization/src/ac_localization_manager.dart
DA:8,1
LF:1
LH:1
end_of_record
SF:lib/src/localization/src/ac_localization_ru.dart
DA:6,1
DA:8,0
DA:11,1
DA:14,1
DA:17,2
LF:5
LH:4
end_of_record
SF:lib/src/presentation/src/ac_calendar_month_cache.dart
DA:6,6
LF:1
LH:1
end_of_record
SF:lib/src/presentation/src/ac_calendar_scope.dart
DA:20,12
DA:42,0
DA:43,0
DA:44,0
DA:47,12
DA:48,72
DA:52,22
DA:53,22
DA:55,0
DA:57,0
DA:58,0
DA:59,0
DA:60,0
LF:13
LH:5
end_of_record
SF:lib/src/presentation/src/select_controller/ac_calendar_single_select_controller.dart
DA:8,4
DA:9,4
DA:15,8
DA:18,1
DA:19,2
DA:20,1
DA:21,1
DA:27,1
DA:29,3
DA:31,3
DA:34,4
DA:36,5
LF:12
LH:12
end_of_record
SF:lib/src/presentation/src/select_controller/ac_calendar_select_controller.dart
DA:17,6
LF:1
LH:1
end_of_record
SF:lib/src/presentation/src/select_controller/ac_calendar_multi_select_controller.dart
DA:9,1
DA:10,2
DA:11,1
DA:17,2
DA:20,1
DA:21,2
DA:22,1
DA:23,1
DA:24,1
DA:30,1
DA:31,4
DA:34,1
DA:36,2
DA:39,3
DA:41,2
DA:42,1
DA:44,1
DA:47,1
DA:48,3
DA:51,1
DA:53,4
LF:21
LH:21
end_of_record
SF:lib/src/presentation/src/select_controller/ac_calendar_range_select_controller.dart
DA:10,1
DA:14,2
DA:20,2
DA:23,1
DA:24,2
DA:25,1
DA:26,1
DA:32,1
DA:34,2
DA:35,2
DA:38,2
DA:39,2
DA:42,1
DA:43,2
DA:46,1
DA:47,2
DA:51,1
DA:52,2
DA:60,1
DA:61,1
DA:62,3
DA:63,3
DA:65,1
DA:67,2
DA:70,2
DA:75,2
DA:78,1
DA:81,1
DA:83,2
DA:84,2
DA:91,1
DA:96,1
DA:103,1
DA:104,1
LF:34
LH:34
end_of_record
SF:lib/src/presentation/src/widgets/src/month/src/ac_month_layout.dart
DA:8,23
DA:19,23
DA:43,12
DA:46,24
DA:49,60
DA:51,20
DA:53,80
DA:54,60
DA:55,40
DA:56,60
DA:57,80
DA:60,22
DA:63,88
DA:64,88
DA:65,44
DA:69,22
DA:70,44
DA:71,44
DA:73,66
DA:74,66
DA:76,22
DA:77,44
DA:78,44
DA:80,22
DA:84,1
DA:86,3
DA:87,3
DA:88,3
DA:89,3
DA:90,3
LF:30
LH:30
end_of_record
SF:lib/src/utils/src/ac_date_time_ext.dart
DA:6,4
DA:7,36
LF:2
LH:2
end_of_record
SF:lib/src/presentation/src/widgets/src/ac_week_widget.dart
DA:15,20
DA:29,20
DA:32,20
DA:34,60
DA:36,60
DA:38,20
DA:40,20
DA:42,20
DA:43,40
DA:44,20
DA:47,20
DA:48,20
DA:49,80
DA:50,60
LF:14
LH:14
end_of_record
SF:lib/src/presentation/src/widgets/src/ac_wheel_picker.dart
DA:12,1
DA:42,1
DA:43,1
DA:51,1
DA:53,1
DA:55,2
DA:56,6
DA:57,3
DA:60,3
DA:63,1
DA:66,4
DA:68,1
DA:69,1
DA:70,2
DA:71,0
DA:72,0
DA:73,0
DA:75,0
DA:79,1
DA:80,3
DA:81,1
DA:82,3
DA:85,3
DA:87,3
DA:88,4
DA:90,2
DA:91,1
DA:92,1
DA:94,1
DA:95,0
DA:98,1
DA:99,1
DA:101,1
DA:103,2
LF:34
LH:29
end_of_record
SF:lib/src/presentation/src/widgets/src/app_bar/src/ac_app_bar.dart
DA:11,3
DA:65,3
DA:68,3
DA:70,3
DA:71,3
DA:72,3
DA:73,3
DA:74,3
DA:76,9
DA:77,3
DA:78,3
DA:79,3
LF:12
LH:12
end_of_record
SF:lib/src/presentation/src/widgets/src/calendar/src/ac_calendar_screen.dart
DA:18,2
DA:80,2
DA:81,2
DA:89,2
DA:91,2
DA:92,7
DA:95,0
DA:96,0
DA:97,0
DA:99,0
DA:102,2
DA:104,4
DA:109,6
DA:111,4
DA:112,4
DA:113,6
DA:115,2
DA:117,2
DA:123,2
DA:124,0
DA:126,0
DA:127,0
DA:128,0
DA:129,0
DA:130,0
DA:133,8
DA:136,2
DA:137,2
DA:138,4
DA:139,4
DA:140,2
DA:141,2
DA:142,4
DA:143,4
DA:144,2
DA:145,4
DA:146,4
DA:148,4
DA:150,4
DA:151,4
LF:40
LH:30
end_of_record
SF:lib/src/presentation/src/widgets/src/calendar/src/ac_calendar_widget.dart
DA:21,2
DA:88,2
DA:89,2
DA:90,2
DA:91,2
DA:92,2
DA:93,2
DA:94,2
DA:95,2
DA:96,2
DA:97,2
DA:98,2
DA:99,2
DA:100,2
DA:101,2
DA:102,2
DA:103,2
LF:17
LH:17
end_of_record
SF:lib/src/presentation/src/widgets/src/calendar/src/ac_pages_calendar_card.dart
DA:18,1
DA:90,1
DA:92,1
DA:93,1
DA:94,1
DA:96,1
DA:97,1
DA:98,1
DA:99,1
DA:106,1
DA:108,1
DA:109,1
DA:110,1
DA:111,1
DA:112,1
DA:113,1
DA:114,1
DA:115,1
DA:116,1
DA:117,1
DA:118,1
DA:119,1
LF:22
LH:22
end_of_record
SF:lib/src/presentation/src/widgets/src/calendar/src/ac_pages_calendar_header.dart
DA:15,14
DA:52,14
DA:55,14
DA:57,14
DA:58,28
DA:60,42
DA:62,14
DA:64,14
DA:65,14
DA:67,14
DA:69,14
DA:71,14
DA:75,14
DA:76,28
DA:77,14
DA:78,14
DA:79,14
DA:80,14
DA:81,14
DA:82,14
DA:83,14
DA:84,14
DA:85,28
DA:86,14
DA:87,28
DA:88,14
DA:90,14
DA:91,14
DA:93,14
DA:96,14
DA:103,28
DA:104,14
DA:105,14
DA:107,14
DA:108,14
LF:35
LH:35
end_of_record
SF:lib/src/presentation/src/widgets/src/calendar/src/ac_pages_calendar_sheet.dart
DA:21,1
DA:80,1
DA:96,1
DA:99,2
DA:116,1
DA:117,2
DA:118,2
DA:121,1
DA:123,1
DA:124,3
DA:127,1
DA:128,1
DA:129,3
DA:132,1
DA:133,1
DA:134,1
DA:135,1
DA:136,1
DA:137,1
DA:141,1
DA:142,2
DA:143,1
DA:144,1
DA:145,2
DA:146,1
DA:147,1
DA:148,2
DA:149,2
DA:153,1
DA:154,1
DA:156,1
DA:157,1
DA:158,1
DA:159,1
DA:160,1
DA:161,1
DA:162,1
DA:163,1
DA:164,1
DA:165,1
DA:166,1
LF:41
LH:41
end_of_record
SF:lib/src/presentation/src/widgets/src/calendar/src/ac_pages_calendar_widget.dart
DA:27,5
DA:119,5
DA:120,5
DA:121,5
DA:122,5
DA:123,5
DA:124,5
DA:125,5
DA:126,5
DA:127,5
DA:128,5
DA:129,5
DA:130,5
DA:131,5
DA:132,5
DA:133,5
DA:134,5
DA:135,5
DA:136,5
LF:19
LH:19
end_of_record
SF:lib/src/presentation/src/widgets/src/calendar/src/ac_raw_calendar_widget.dart
DA:21,6
DA:83,6
DA:84,6
DA:88,6
DA:89,12
DA:106,6
DA:108,6
DA:110,12
DA:111,30
DA:112,30
DA:115,18
DA:116,26
DA:119,6
DA:120,16
DA:122,6
DA:123,18
DA:127,6
DA:128,6
DA:129,6
DA:130,6
DA:131,18
DA:132,18
DA:134,6
DA:135,12
DA:136,18
DA:140,1
DA:142,1
DA:144,4
DA:145,0
DA:146,0
DA:148,0
DA:149,0
DA:152,4
DA:153,3
DA:154,2
DA:156,1
DA:157,3
DA:160,6
DA:161,6
DA:162,0
DA:163,0
DA:164,0
DA:167,0
DA:168,0
DA:172,6
DA:174,24
DA:175,8
DA:177,24
DA:178,12
DA:180,6
DA:184,6
DA:185,18
DA:186,12
DA:188,18
DA:190,6
DA:191,12
DA:192,8
DA:193,0
DA:196,6
DA:199,6
DA:200,6
DA:201,6
DA:202,12
DA:204,0
DA:205,0
DA:206,0
DA:207,0
DA:208,0
DA:209,0
DA:211,6
DA:212,6
DA:213,6
DA:214,6
DA:215,18
DA:217,6
DA:218,6
DA:220,6
DA:221,6
DA:222,6
DA:223,6
DA:225,12
DA:231,6
DA:232,6
DA:233,6
DA:237,12
DA:239,0
DA:240,0
DA:241,0
DA:245,6
DA:246,6
DA:247,6
DA:248,12
DA:249,6
DA:250,12
DA:253,6
DA:255,2
DA:257,4
LF:97
LH:78
end_of_record
SF:lib/src/presentation/src/widgets/src/calendar/src/ac_raw_pages_calendar_widget.dart
DA:22,14
DA:107,1
DA:115,2
DA:117,2
DA:119,1
DA:120,1
DA:121,1
DA:122,0
DA:124,4
DA:127,14
DA:129,14
DA:133,14
DA:134,28
DA:139,26
DA:156,14
DA:158,14
DA:160,28
DA:161,70
DA:162,70
DA:165,42
DA:166,60
DA:169,14
DA:170,42
DA:172,42
DA:173,14
DA:174,14
DA:175,14
DA:176,42
DA:177,42
DA:179,14
DA:180,28
DA:181,42
DA:186,0
DA:188,0
DA:190,0
DA:191,0
DA:192,0
DA:194,0
DA:195,0
DA:198,0
DA:199,0
DA:200,0
DA:202,0
DA:203,0
DA:204,0
DA:205,0
DA:206,0
DA:207,0
DA:209,0
DA:210,0
DA:211,0
DA:216,0
DA:217,0
DA:218,0
DA:219,0
DA:220,0
DA:223,0
DA:224,0
DA:228,14
DA:230,56
DA:231,28
DA:233,56
DA:234,28
DA:236,14
DA:242,42
DA:244,42
DA:247,14
DA:248,14
DA:249,14
DA:250,28
DA:251,14
DA:252,41
DA:254,41
DA:256,14
DA:257,28
DA:258,28
DA:261,14
DA:262,14
DA:263,28
DA:264,14
DA:265,28
DA:266,6
DA:268,28
DA:269,6
DA:271,0
DA:272,0
DA:276,28
DA:279,14
DA:282,14
DA:283,14
DA:284,0
DA:285,9
DA:286,3
DA:288,28
DA:291,14
DA:292,28
DA:293,9
DA:294,14
DA:296,14
DA:298,28
DA:305,0
DA:306,0
DA:307,0
DA:308,0
DA:309,0
DA:310,0
DA:313,28
DA:315,14
DA:316,28
DA:319,0
DA:321,0
DA:323,42
DA:325,14
DA:327,14
DA:329,14
DA:331,14
DA:332,0
DA:333,14
DA:335,14
DA:337,14
DA:338,0
LF:121
LH:81
end_of_record
SF:lib/src/presentation/src/widgets/src/month_picker/src/ac_month_picker_sheet.dart
DA:17,1
DA:60,1
DA:72,1
DA:74,2
DA:87,1
DA:88,1
DA:94,1
DA:96,1
DA:97,6
DA:100,0
DA:101,0
DA:102,0
DA:105,0
DA:106,0
DA:107,0
DA:110,1
DA:112,3
DA:115,2
DA:116,1
DA:117,4
DA:120,1
DA:121,4
DA:122,1
DA:123,1
DA:124,2
DA:125,1
DA:126,1
DA:127,1
DA:128,2
DA:132,1
DA:133,1
DA:134,2
DA:135,2
DA:136,1
DA:137,2
DA:138,2
DA:139,2
LF:37
LH:31
end_of_record
SF:lib/src/presentation/src/widgets/src/scroll_view/src/ac_scroll_view_controller.dart
DA:9,0
DA:12,0
DA:15,0
DA:18,0
DA:21,0
DA:24,0
DA:27,0
DA:30,0
DA:33,0
DA:36,0
DA:39,0
DA:42,0
DA:45,0
DA:57,21
DA:58,42
DA:70,21
DA:76,21
DA:77,21
DA:78,21
DA:79,21
DA:80,42
DA:84,5
DA:87,4
DA:88,8
DA:89,8
DA:90,4
DA:91,7
DA:95,1
DA:99,2
DA:102,0
DA:103,0
DA:110,1
DA:114,2
DA:117,0
DA:118,0
DA:124,0
DA:125,0
DA:127,0
DA:128,0
DA:129,0
DA:130,0
DA:131,0
DA:133,0
DA:134,0
DA:135,0
DA:136,0
DA:138,0
DA:141,4
DA:142,8
DA:143,8
DA:144,4
DA:145,8
DA:149,0
DA:151,0
DA:155,0
DA:156,0
DA:158,0
DA:161,0
DA:162,0
DA:164,0
DA:165,0
DA:168,0
DA:171,0
DA:172,0
DA:175,0
DA:176,0
DA:177,0
DA:178,0
DA:179,0
DA:184,0
DA:185,0
DA:186,0
DA:187,0
DA:188,0
DA:194,19
DA:196,38
DA:197,38
DA:198,38
DA:199,19
DA:200,19
LF:80
LH:29
end_of_record
SF:lib/src/presentation/src/widgets/src/scroll_view/src/ac_scroll_view_data_source.dart
DA:57,21
DA:88,21
DA:89,21
DA:91,21
DA:92,21
DA:94,1
DA:95,1
DA:97,21
DA:99,42
DA:100,3
DA:101,5
DA:103,84
DA:104,15
DA:108,1
DA:109,1
DA:111,6
DA:112,6
DA:114,15
DA:116,15
DA:117,8
DA:120,15
DA:122,15
DA:123,8
DA:128,21
DA:130,21
DA:131,42
DA:132,42
DA:133,21
DA:134,21
DA:135,21
DA:137,42
DA:140,63
DA:141,42
DA:143,15
DA:146,42
DA:151,63
DA:152,42
DA:154,6
DA:157,42
DA:161,21
DA:166,1
DA:168,1
DA:169,1
DA:170,1
DA:173,1
DA:175,1
DA:177,2
DA:180,2
DA:181,5
DA:182,0
DA:183,0
DA:185,0
DA:186,0
DA:187,0
DA:188,0
DA:189,0
DA:196,1
DA:198,1
DA:200,2
DA:203,7
DA:204,0
DA:205,0
DA:211,1
DA:212,3
DA:213,1
DA:214,2
DA:215,3
DA:216,2
DA:218,0
DA:221,1
DA:224,1
DA:225,2
DA:226,1
DA:230,1
DA:231,3
DA:232,1
DA:233,2
DA:234,3
DA:235,2
DA:237,0
DA:240,1
DA:243,1
DA:244,2
DA:245,1
DA:249,1
DA:250,2
DA:251,0
DA:252,0
DA:254,2
DA:255,6
DA:257,0
DA:258,0
DA:264,1
DA:266,2
DA:267,1
LF:95
LH:80
end_of_record
SF:lib/src/utils/src/ac_string_ext.dart
DA:6,22
DA:7,22
DA:8,88
LF:3
LH:3
end_of_record
SF:lib/src/presentation/src/widgets/src/month/src/ac_titled_month_widget.dart
DA:16,7
DA:55,7
DA:58,21
DA:60,21
DA:62,7
DA:65,7
DA:66,7
DA:68,7
DA:70,7
DA:71,7
DA:72,14
DA:73,7
DA:74,21
DA:78,7
DA:79,7
DA:80,7
DA:81,7
DA:82,7
DA:83,7
LF:19
LH:19
end_of_record
SF:lib/src/presentation/src/widgets/src/scroll_view/src/ac_scroll_view.dart
DA:12,20
DA:52,20
DA:53,20
DA:59,60
DA:60,60
DA:62,20
DA:64,20
DA:66,20
DA:68,40
DA:69,80
DA:70,40
DA:73,4
DA:75,4
DA:77,16
DA:78,16
DA:79,1
DA:82,16
DA:83,3
DA:84,4
DA:88,20
DA:90,80
DA:91,20
DA:94,80
DA:95,40
DA:96,40
DA:97,40
DA:98,40
DA:101,3
DA:102,3
DA:103,6
DA:106,20
DA:107,80
DA:108,60
DA:110,6
DA:111,6
DA:112,18
DA:113,0
DA:118,20
DA:121,52
DA:123,20
DA:124,18
DA:125,42
DA:127,20
DA:128,20
DA:129,12
DA:130,28
DA:132,20
DA:133,20
DA:134,12
DA:135,28
DA:137,20
DA:138,20
DA:139,20
DA:140,100
DA:141,120
DA:142,20
DA:143,80
DA:144,0
DA:147,80
DA:151,20
DA:152,20
DA:153,20
DA:154,100
DA:155,120
DA:156,20
DA:157,80
DA:158,15
DA:161,80
DA:165,20
DA:166,40
DA:167,20
DA:168,40
DA:169,20
DA:170,20
DA:171,20
DA:175,20
DA:176,20
LF:77
LH:75
end_of_record
SF:lib/src/presentation/src/widgets/src/month/src/ac_month_widget.dart
DA:13,22
DA:36,21
DA:37,63
DA:38,105
DA:39,21
DA:40,21
DA:44,22
DA:45,22
DA:46,22
DA:47,22
DA:48,88
DA:49,22
DA:51,22
DA:52,32
DA:53,21
DA:54,42
DA:55,63
LF:17
LH:17
end_of_record
SF:lib/src/presentation/src/widgets/src/month_picker/src/ac_month_picker.dart
DA:19,1
DA:55,1
DA:56,1
DA:60,1
DA:61,2
DA:69,1
DA:71,1
DA:73,5
DA:74,2
DA:75,2
DA:77,5
DA:79,1
DA:80,5
DA:83,3
DA:84,0
DA:88,0
DA:89,0
DA:90,0
DA:92,0
DA:93,0
DA:96,0
DA:97,0
DA:101,0
DA:104,0
DA:105,0
DA:106,0
DA:109,0
DA:112,0
DA:113,0
DA:114,0
DA:117,1
DA:119,2
DA:120,2
DA:122,4
DA:124,1
DA:125,1
DA:126,1
DA:127,1
DA:129,1
DA:130,1
DA:131,1
DA:133,1
DA:134,1
DA:135,1
DA:136,1
DA:139,2
DA:140,1
DA:141,1
DA:142,2
DA:143,3
DA:144,1
DA:145,1
DA:147,1
DA:148,1
DA:149,2
DA:150,1
DA:151,1
DA:152,1
LF:58
LH:42
end_of_record
SF:lib/src/presentation/src/widgets/src/day/src/ac_calendar_day_widget.dart
DA:14,21
DA:26,21
DA:28,21
DA:29,12
DA:31,42
DA:32,42
DA:33,24
DA:36,0
DA:39,3
DA:41,6
DA:42,3
DA:43,3
DA:46,6
DA:52,21
DA:53,21
DA:54,21
LF:16
LH:15
end_of_record
SF:lib/src/presentation/src/widgets/src/day/src/ac_day_widget.dart
DA:14,21
DA:42,21
DA:44,63
DA:46,21
DA:47,21
DA:48,0
DA:49,0
DA:50,0
DA:51,0
DA:52,0
DA:55,21
DA:56,21
DA:58,84
DA:59,48
DA:60,32
DA:63,50
DA:64,42
DA:67,21
DA:69,21
DA:73,21
DA:74,63
DA:79,21
DA:80,21
DA:81,21
LF:24
LH:19
end_of_record
SF:lib/src/presentation/src/widgets/src/time_input/src/ac_time_input_controller.dart
DA:8,5
DA:12,5
DA:18,10
DA:23,4
DA:24,8
DA:25,4
DA:26,4
DA:27,6
LF:8
LH:8
end_of_record
SF:lib/src/presentation/src/widgets/src/time_input/src/ac_time_input_widget.dart
DA:17,5
DA:37,5
DA:38,5
DA:46,5
DA:48,5
DA:49,10
DA:50,10
DA:51,18
DA:53,16
DA:56,2
DA:58,2
DA:59,8
DA:60,6
DA:61,8
DA:62,12
DA:66,5
DA:68,16
DA:69,10
DA:70,10
DA:71,5
DA:75,2
DA:76,2
DA:77,4
DA:78,3
DA:79,2
DA:80,3
DA:81,1
DA:87,5
DA:89,9
DA:90,9
DA:91,3
DA:95,2
DA:96,4
DA:97,4
DA:98,4
DA:99,4
DA:100,4
DA:101,2
DA:105,2
DA:106,4
DA:107,2
DA:108,2
DA:109,6
DA:110,2
DA:113,5
DA:116,18
DA:119,15
DA:120,10
DA:121,15
DA:128,5
DA:129,5
DA:130,5
DA:134,5
DA:135,5
DA:136,5
DA:139,5
DA:140,5
DA:141,5
DA:143,15
DA:144,5
DA:146,5
DA:147,0
DA:159,2
DA:164,6
DA:166,2
DA:169,8
DA:170,4
DA:173,2
DA:174,2
DA:175,2
DA:176,6
DA:177,3
DA:178,2
DA:179,2
DA:180,2
DA:184,2
DA:185,2
DA:187,4
DA:190,2
DA:191,2
DA:193,2
DA:195,2
LF:82
LH:81
end_of_record
SF:lib/src/presentation/src/widgets/src/time_input/src/ac_time_range_input_controller.dart
DA:14,3
DA:18,8
DA:19,8
DA:21,9
DA:22,9
DA:37,4
DA:38,4
DA:39,4
DA:42,2
DA:43,2
DA:44,2
DA:45,2
DA:46,2
DA:47,2
DA:48,4
DA:51,1
DA:52,1
DA:53,1
DA:54,1
DA:55,1
DA:56,1
DA:57,3
DA:61,2
DA:62,4
DA:63,4
DA:66,1
DA:67,2
DA:72,1
DA:73,2
DA:74,2
DA:77,1
DA:78,2
DA:82,3
DA:84,9
DA:85,9
DA:86,6
DA:87,6
DA:88,3
LF:38
LH:38
end_of_record
SF:lib/src/presentation/src/widgets/src/time_input/src/ac_time_range_input_widget.dart
DA:14,2
DA:34,2
DA:35,2
DA:42,2
DA:44,2
DA:45,2
DA:48,1
DA:50,1
DA:51,4
DA:52,1
DA:53,1
DA:57,2
DA:59,2
DA:60,2
DA:63,2
DA:64,4
DA:65,6
DA:66,2
DA:68,4
DA:69,2
DA:73,2
DA:74,2
DA:75,4
DA:79,2
DA:82,8
DA:84,2
DA:86,2
DA:87,2
DA:88,2
DA:89,4
DA:93,2
DA:94,6
DA:95,2
DA:96,4
DA:97,6
DA:100,2
DA:101,2
DA:102,4
LF:38
LH:38
end_of_record
SF:lib/src/presentation/src/widgets/src/time_input/src/ac_titled_time_widget.dart
DA:23,3
DA:29,3
DA:30,3
DA:36,1
DA:42,1
DA:43,1
DA:60,1
DA:61,2
DA:63,3
DA:66,9
DA:67,6
DA:68,3
DA:69,1
DA:70,1
DA:71,1
DA:73,3
DA:74,3
DA:75,3
DA:76,3
DA:77,3
DA:78,3
DA:80,6
DA:81,3
DA:85,3
LF:24
LH:24
end_of_record
